17:09:24.924 [main] DEBUG org.testng.TestNG - suiteXmlPath: "F:\eclipse 2023\opencart14\grid-docker.xml"
17:09:25.925 [main] INFO  org.testng.internal.Utils - [TestNG] Running:
  F:\eclipse 2023\opencart14\grid-docker.xml

17:09:33.355 [main] INFO  testcases.TC_001_AccountRegistration -  ***** Starting the TC_001_AccountRegistration ***** 
17:09:34.527 [main] INFO  testcases.TC_001_AccountRegistration - ***** clicked on my account *****
17:09:35.189 [main] INFO  testcases.TC_001_AccountRegistration -  ***** clicked on register button *******
17:09:35.212 [main] INFO  testcases.TC_001_AccountRegistration - ***** providing customer details *******
17:09:36.085 [main] INFO  testcases.TC_001_AccountRegistration - **** entering password *****
17:09:36.552 [main] INFO  testcases.TC_001_AccountRegistration - **** clicked on privacy box *****
17:09:37.234 [main] INFO  testcases.TC_001_AccountRegistration - **** clicked on continue button *****
17:09:37.236 [main] INFO  testcases.TC_001_AccountRegistration - **** validating expected value *****
17:09:37.323 [main] INFO  testcases.TC_001_AccountRegistration - ****** Finished TC_001_AccountRegistration ********* 
17:09:41.039 [main] INFO  testcases.TC_002_MyLoginPage - *** Starting TC_002_MyLoginPage ******** 
17:09:42.174 [main] INFO  testcases.TC_002_MyLoginPage - **** Clicked on account **********
17:09:42.685 [main] INFO  testcases.TC_002_MyLoginPage - **** clicking on login button *******
17:09:43.882 [main] INFO  testcases.TC_002_MyLoginPage - ********* clicking on login ********** 
17:09:44.049 [main] INFO  testcases.TC_002_MyLoginPage - ******* Finished TC_002_MyLoginPage *********** 
17:12:13.638 [main] DEBUG org.testng.TestNG - suiteXmlPath: "F:\eclipse 2023\opencart14\grid-docker.xml"
17:12:14.768 [main] INFO  org.testng.internal.Utils - [TestNG] Running:
  F:\eclipse 2023\opencart14\grid-docker.xml

17:12:23.443 [main] INFO  testcases.TC_001_AccountRegistration -  ***** Starting the TC_001_AccountRegistration ***** 
17:12:23.797 [main] INFO  testcases.TC_001_AccountRegistration - ***** clicked on my account *****
17:12:24.816 [main] INFO  testcases.TC_001_AccountRegistration -  ***** clicked on register button *******
17:12:24.822 [main] INFO  testcases.TC_001_AccountRegistration - ***** providing customer details *******
17:12:26.605 [main] INFO  testcases.TC_001_AccountRegistration - **** entering password *****
17:12:27.669 [main] INFO  testcases.TC_001_AccountRegistration - **** clicked on privacy box *****
17:12:28.606 [main] INFO  testcases.TC_001_AccountRegistration - **** clicked on continue button *****
17:12:28.607 [main] INFO  testcases.TC_001_AccountRegistration - **** validating expected value *****
17:12:29.201 [main] INFO  testcases.TC_001_AccountRegistration - ****** Finished TC_001_AccountRegistration ********* 
17:12:33.652 [main] INFO  testcases.TC_002_MyLoginPage - *** Starting TC_002_MyLoginPage ******** 
17:12:34.221 [main] INFO  testcases.TC_002_MyLoginPage - **** Clicked on account **********
17:12:35.085 [main] INFO  testcases.TC_002_MyLoginPage - **** clicking on login button *******
17:12:37.130 [main] INFO  testcases.TC_002_MyLoginPage - ********* clicking on login ********** 
17:12:37.693 [main] INFO  testcases.TC_002_MyLoginPage - ******* Finished TC_002_MyLoginPage *********** 
17:13:46.121 [main] DEBUG org.testng.TestNG - suiteXmlPath: "F:\eclipse 2023\opencart14\grid-docker.xml"
17:13:46.956 [main] INFO  org.testng.internal.Utils - [TestNG] Running:
  F:\eclipse 2023\opencart14\grid-docker.xml

14:18:53.677 [main] DEBUG org.testng.TestNG - suiteXmlPath: "F:\eclipse 2023\opencart14\master.xml"
14:19:54.733 [main] DEBUG org.testng.TestNG - suiteXmlPath: "F:\eclipse 2023\opencart14\master.xml"
14:20:00.423 [main] INFO  testcases.TC_001_AccountRegistration -  ***** Starting the TC_001_AccountRegistration ***** 
14:20:01.555 [main] INFO  testcases.TC_001_AccountRegistration - ***** clicked on my account *****
14:20:02.314 [main] INFO  testcases.TC_001_AccountRegistration -  ***** clicked on register button *******
14:20:02.322 [main] INFO  testcases.TC_001_AccountRegistration - ***** providing customer details *******
14:20:03.064 [main] INFO  testcases.TC_001_AccountRegistration - **** entering password *****
14:20:03.476 [main] INFO  testcases.TC_001_AccountRegistration - **** clicked on privacy box *****
14:20:04.156 [main] INFO  testcases.TC_001_AccountRegistration - **** clicked on continue button *****
14:20:04.157 [main] INFO  testcases.TC_001_AccountRegistration - **** validating expected value *****
14:20:04.220 [main] INFO  testcases.TC_001_AccountRegistration - ****** Finished TC_001_AccountRegistration ********* 
14:20:07.956 [main] INFO  testcases.TC_002_MyLoginPage - *** Starting TC_002_MyLoginPage ******** 
14:20:08.990 [main] INFO  testcases.TC_002_MyLoginPage - **** Clicked on account **********
14:20:09.349 [main] INFO  testcases.TC_002_MyLoginPage - **** clicking on login button *******
